<?xml version="1.0" encoding="UTF-8"?>
<!-- Generated by org.testng.reporters.JUnitReportReporter -->
<testsuite hostname="Srinivasulu" failures="0" tests="3" name="com.ssnbanking.qa.testcases.HomePageTest" time="80.764" errors="0" timestamp="2023-04-13T17:50:17 IST" skipped="0">
  <testcase classname="com.ssnbanking.qa.testcases.HomePageTest" name="validateHomePageTitle" time="53.732"/>
  <system-out/>
  <testcase classname="com.ssnbanking.qa.testcases.HomePageTest" name="validateHomePageLogo" time="8.736"/>
  <system-out/>
  <testcase classname="com.ssnbanking.qa.testcases.HomePageTest" name="navigateToDeleteCustomerPage" time="18.296"/>
  <system-out/>
</testsuite> <!-- com.ssnbanking.qa.testcases.HomePageTest -->
