<?xml version="1.0" encoding="UTF-8"?>
<!-- Generated by org.testng.reporters.JUnitReportReporter -->
<testsuite hostname="Srinivasulu" failures="0" tests="3" name="com.ssnbanking.qa.testcases.LoginPageTest" time="51.142" errors="0" timestamp="2023-04-13T17:50:17 IST" skipped="0">
  <testcase classname="com.ssnbanking.qa.testcases.LoginPageTest" name="validateLoginPageTitle" time="7.178"/>
  <system-out/>
  <testcase classname="com.ssnbanking.qa.testcases.LoginPageTest" name="validateLoginPageLogo" time="16.636"/>
  <system-out/>
  <testcase classname="com.ssnbanking.qa.testcases.LoginPageTest" name="loginToApp" time="27.328"/>
  <system-out/>
</testsuite> <!-- com.ssnbanking.qa.testcases.LoginPageTest -->
